[2026-06-11 23:10:29.620] [info] [ParamTuner] Loaded 3 filter param sets
[2026-06-11 23:10:29.620] [info]   [slow] v1=10.0 v2=0.5 R_yaw=4.0e-03 R_pitch=4.0e-03 R_dist=9.0e-02 thresh=2.0
[2026-06-11 23:10:29.620] [info]   [normal] v1=100.0 v2=400.0 R_yaw=4.0e-03 R_pitch=4.0e-03 R_dist=9.0e-02 thresh=8.0
[2026-06-11 23:10:29.620] [info]   [fast] v1=500.0 v2=1000.0 R_yaw=2.0e-03 R_pitch=2.0e-03 R_dist=5.0e-02 thresh=999.0
[2026-06-11 23:10:42.939] [warning] [Tracker] Large dt: 0.280s
[2026-06-11 23:10:43.098] [warning] [Tracker] Large dt: 0.116s
[2026-06-11 23:10:44.010] [warning] [Tracker] Large dt: 0.102s
[2026-06-11 23:10:44.960] [warning] [Tracker] Large dt: 0.149s
[2026-06-11 23:10:45.131] [warning] [Tracker] Large dt: 0.186s
[2026-06-11 23:10:51.594] [warning] [Tracker] Large dt: 0.171s
[2026-06-11 23:11:11.767] [warning] [Tracker] Large dt: 0.144s
[2026-06-11 23:11:11.937] [warning] [Tracker] Large dt: 0.171s
[2026-06-11 23:11:12.072] [warning] [Tracker] Large dt: 0.118s
[2026-06-11 23:11:12.218] [warning] [Tracker] Large dt: 0.146s
[2026-06-11 23:11:12.328] [warning] [Tracker] Large dt: 0.124s
[2026-06-11 23:11:23.392] [warning] [Tracker] Large dt: 0.244s
[2026-06-11 23:11:23.982] [warning] [Tracker] Large dt: 0.591s
[2026-06-11 23:11:24.161] [warning] [Tracker] Large dt: 0.105s
[2026-06-11 23:11:25.101] [warning] [Tracker] Large dt: 0.172s
[2026-06-11 23:11:25.362] [warning] [Tracker] Large dt: 0.299s
[2026-06-11 23:11:25.454] [warning] [Tracker] Large dt: 0.101s
[2026-06-11 23:11:25.604] [warning] [Tracker] Large dt: 0.101s
[2026-06-11 23:11:26.036] [warning] [Tracker] Large dt: 0.126s
[2026-06-11 23:11:36.467] [warning] [Tracker] Large dt: 0.122s
[2026-06-11 23:11:36.666] [warning] [Tracker] Large dt: 0.110s
[2026-06-11 23:11:39.400] [warning] [Tracker] Large dt: 0.157s
[2026-06-11 23:11:41.784] [warning] [Tracker] Large dt: 0.139s
[2026-06-11 23:11:42.494] [warning] [Tracker] Large dt: 0.215s
[2026-06-11 23:11:51.737] [warning] [Tracker] Large dt: 0.157s
[2026-06-11 23:11:51.941] [warning] [Tracker] Large dt: 0.110s
[2026-06-11 23:11:56.890] [warning] [Tracker] Large dt: 0.157s
[2026-06-11 23:12:09.920] [warning] [Tracker] Large dt: 0.237s
[2026-06-11 23:12:10.273] [warning] [Tracker] Large dt: 0.146s
[2026-06-11 23:12:10.397] [warning] [Tracker] Large dt: 0.137s
[2026-06-11 23:12:14.383] [warning] [Tracker] Large dt: 0.151s
[2026-06-11 23:12:14.936] [warning] [Tracker] Large dt: 0.157s
[2026-06-11 23:12:15.133] [warning] [Tracker] Large dt: 0.119s
